TN:
SF:src\app.controller.ts
FN:6,(anonymous_2)
FN:9,(anonymous_3)
FNF:2
FNH:2
FNDA:1,(anonymous_2)
FNDA:1,(anonymous_3)
DA:1,1
DA:2,1
DA:5,1
DA:6,1
DA:9,1
DA:10,1
LF:6
LH:6
BRDA:6,0,0,1
BRDA:6,0,1,0
BRDA:6,1,0,1
BRDA:6,1,1,1
BRF:4
BRH:3
end_of_record
TN:
SF:src\app.module.ts
FNF:0
FNH:0
DA:1,0
DA:2,0
DA:3,0
DA:4,0
DA:5,0
DA:6,0
DA:7,0
DA:8,0
DA:9,0
DA:22,0
LF:10
LH:0
BRF:0
BRH:0
end_of_record
TN:
SF:src\app.service.ts
FN:5,(anonymous_1)
FNF:1
FNH:1
FNDA:1,(anonymous_1)
DA:1,1
DA:4,1
DA:6,1
LF:3
LH:3
BRF:0
BRH:0
end_of_record
TN:
SF:src\main.ts
FN:4,bootstrap
FNF:1
FNH:0
FNDA:0,bootstrap
DA:1,0
DA:2,0
DA:5,0
DA:6,0
DA:8,0
LF:5
LH:0
BRDA:6,0,0,0
BRDA:6,0,1,0
BRF:2
BRH:0
end_of_record
TN:
SF:src\config\database.config.ts
FN:3,(anonymous_0)
FNF:1
FNH:0
FNDA:0,(anonymous_0)
DA:3,0
DA:5,0
LF:2
LH:0
BRDA:4,0,0,0
BRDA:7,1,0,0
BRDA:7,1,1,0
BRDA:8,2,0,0
BRDA:8,2,1,0
BRDA:8,3,0,0
BRDA:8,3,1,0
BRDA:9,4,0,0
BRDA:9,4,1,0
BRDA:10,5,0,0
BRDA:10,5,1,0
BRDA:11,6,0,0
BRDA:11,6,1,0
BRDA:11,7,0,0
BRDA:11,7,1,0
BRF:15
BRH:0
end_of_record
TN:
SF:src\config\datasource.ts
FNF:0
FNH:0
DA:1,0
DA:2,0
DA:4,0
DA:6,0
LF:4
LH:0
BRDA:8,0,0,0
BRDA:8,0,1,0
BRDA:9,1,0,0
BRDA:9,1,1,0
BRDA:10,2,0,0
BRDA:10,2,1,0
BRDA:11,3,0,0
BRDA:11,3,1,0
BRDA:12,4,0,0
BRDA:12,4,1,0
BRF:10
BRH:0
end_of_record
TN:
SF:src\modules\auth\auth.controller.ts
FN:7,(anonymous_4)
FN:11,(anonymous_5)
FNF:2
FNH:2
FNDA:1,(anonymous_4)
FNDA:1,(anonymous_5)
DA:1,1
DA:2,1
DA:3,1
DA:6,1
DA:7,1
DA:11,1
DA:12,1
LF:7
LH:7
BRDA:7,0,0,1
BRDA:7,0,1,0
BRDA:7,1,0,1
BRDA:7,1,1,1
BRF:4
BRH:3
end_of_record
TN:
SF:src\modules\auth\auth.module.ts
FN:16,(anonymous_1)
FNF:1
FNH:0
FNDA:0,(anonymous_1)
DA:1,0
DA:2,0
DA:3,0
DA:4,0
DA:5,0
DA:6,0
DA:7,0
DA:8,0
DA:16,0
DA:28,0
LF:10
LH:0
BRDA:17,0,0,0
BRDA:17,0,1,0
BRDA:19,1,0,0
BRDA:19,1,1,0
BRF:4
BRH:0
end_of_record
TN:
SF:src\modules\auth\auth.service.ts
FN:8,(anonymous_11)
FN:13,(anonymous_12)
FN:39,(anonymous_13)
FNF:3
FNH:3
FNDA:4,(anonymous_11)
FNDA:3,(anonymous_12)
FNDA:1,(anonymous_13)
DA:1,2
DA:2,2
DA:3,2
DA:4,2
DA:7,2
DA:9,4
DA:10,4
DA:20,3
DA:21,3
DA:22,1
DA:25,2
DA:26,2
DA:27,1
DA:30,1
DA:40,1
DA:48,1
LF:16
LH:16
BRDA:21,0,0,1
BRDA:21,0,1,2
BRDA:21,1,0,3
BRDA:21,1,1,2
BRDA:26,2,0,1
BRDA:26,2,1,1
BRDA:50,3,0,0
BRDA:50,3,1,1
BRDA:51,4,0,1
BRDA:51,4,1,1
BRDA:9,5,0,2
BRDA:9,5,1,0
BRDA:9,6,0,2
BRDA:9,6,1,2
BRDA:9,7,0,2
BRDA:9,7,1,0
BRDA:9,8,0,2
BRDA:9,8,1,2
BRF:18
BRH:15
end_of_record
TN:
SF:src\modules\auth\roles.decorator.ts
FN:5,(anonymous_0)
FNF:1
FNH:0
FNDA:0,(anonymous_0)
DA:1,1
DA:4,1
DA:5,1
LF:3
LH:3
BRF:0
BRH:0
end_of_record
TN:
SF:src\modules\auth\guards\jwt-auth.guard.ts
FNF:0
FNH:0
DA:1,1
DA:2,1
DA:5,1
LF:3
LH:3
BRF:0
BRH:0
end_of_record
TN:
SF:src\modules\auth\guards\roles.guard.ts
FN:8,(anonymous_2)
FN:10,(anonymous_3)
FN:24,(anonymous_4)
FNF:3
FNH:3
FNDA:5,(anonymous_2)
FNDA:5,(anonymous_3)
FNDA:2,(anonymous_4)
DA:1,1
DA:2,1
DA:4,1
DA:7,1
DA:8,5
DA:11,5
DA:15,5
DA:16,1
DA:19,4
DA:20,4
DA:21,2
DA:24,2
LF:12
LH:12
BRDA:15,0,0,1
BRDA:15,0,1,4
BRDA:20,1,0,2
BRDA:20,1,1,2
BRDA:20,2,0,4
BRDA:20,2,1,3
BRDA:8,3,0,1
BRDA:8,3,1,0
BRDA:8,4,0,1
BRDA:8,4,1,1
BRF:10
BRH:9
end_of_record
TN:
SF:src\modules\auth\strategies\jwt.strategy.ts
FN:7,(anonymous_2)
FN:15,(anonymous_3)
FNF:2
FNH:0
FNDA:0,(anonymous_2)
FNDA:0,(anonymous_3)
DA:1,0
DA:2,0
DA:3,0
DA:6,0
DA:8,0
DA:16,0
LF:6
LH:0
BRDA:11,0,0,0
BRDA:11,0,1,0
BRF:2
BRH:0
end_of_record
TN:
SF:src\modules\auth\strategies\local.strategy.ts
FN:8,(anonymous_2)
FN:12,(anonymous_3)
FNF:2
FNH:0
FNDA:0,(anonymous_2)
FNDA:0,(anonymous_3)
DA:1,0
DA:2,0
DA:3,0
DA:4,0
DA:7,0
DA:8,0
DA:9,0
DA:13,0
DA:14,0
DA:15,0
DA:17,0
LF:11
LH:0
BRDA:14,0,0,0
BRDA:14,0,1,0
BRDA:8,1,0,0
BRDA:8,1,1,0
BRDA:8,2,0,0
BRDA:8,2,1,0
BRF:6
BRH:0
end_of_record
TN:
SF:src\modules\companies\companies.controller.ts
FN:18,(anonymous_4)
FN:21,(anonymous_5)
FN:26,(anonymous_6)
FN:32,(anonymous_7)
FN:37,(anonymous_8)
FN:45,(anonymous_9)
FNF:6
FNH:6
FNDA:7,(anonymous_4)
FNDA:1,(anonymous_5)
FNDA:3,(anonymous_6)
FNDA:1,(anonymous_7)
FNDA:1,(anonymous_8)
FNDA:1,(anonymous_9)
DA:1,1
DA:12,1
DA:13,1
DA:14,1
DA:17,1
DA:18,7
DA:21,1
DA:22,1
DA:26,1
DA:27,3
DA:28,3
DA:32,1
DA:33,1
DA:37,1
DA:41,1
DA:45,1
DA:46,1
DA:47,1
LF:18
LH:18
BRDA:27,0,0,2
BRDA:27,0,1,1
BRDA:21,1,0,1
BRDA:21,1,1,0
BRDA:21,2,0,1
BRDA:21,2,1,1
BRDA:39,3,0,1
BRDA:39,3,1,0
BRDA:39,4,0,1
BRDA:39,4,1,1
BRDA:18,5,0,1
BRDA:18,5,1,0
BRDA:18,6,0,1
BRDA:18,6,1,1
BRF:14
BRH:11
end_of_record
TN:
SF:src\modules\companies\companies.module.ts
FNF:0
FNH:0
DA:1,0
DA:2,0
DA:3,0
DA:4,0
DA:5,0
DA:13,0
LF:6
LH:0
BRF:0
BRH:0
end_of_record
TN:
SF:src\modules\companies\companies.service.ts
FN:14,(anonymous_4)
FN:19,(anonymous_5)
FN:32,(anonymous_6)
FN:37,(anonymous_7)
FN:45,(anonymous_8)
FN:61,(anonymous_9)
FNF:6
FNH:6
FNDA:12,(anonymous_4)
FNDA:3,(anonymous_5)
FNDA:3,(anonymous_6)
FNDA:6,(anonymous_7)
FNDA:2,(anonymous_8)
FNDA:2,(anonymous_9)
DA:1,2
DA:6,2
DA:7,2
DA:8,2
DA:13,2
DA:16,12
DA:20,3
DA:24,3
DA:25,1
DA:28,2
DA:29,2
DA:33,3
DA:34,3
DA:38,6
DA:39,6
DA:40,3
DA:42,3
DA:46,2
DA:48,1
DA:49,0
DA:52,0
DA:53,0
DA:57,1
DA:58,1
DA:62,2
DA:63,1
DA:64,1
LF:27
LH:24
BRDA:20,0,0,2
BRDA:20,0,1,1
BRDA:24,1,0,1
BRDA:24,1,1,2
BRDA:33,2,0,2
BRDA:33,2,1,1
BRDA:39,3,0,3
BRDA:39,3,1,3
BRDA:48,4,0,0
BRDA:48,4,1,1
BRDA:48,5,0,1
BRDA:48,5,1,0
BRDA:52,6,0,0
BRDA:52,6,1,0
BRDA:16,7,0,2
BRDA:16,7,1,0
BRDA:16,8,0,2
BRDA:16,8,1,2
BRF:18
BRH:13
end_of_record
TN:
SF:src\modules\companies\dto\create-company.dto.ts
FNF:0
FNH:0
DA:1,1
DA:3,1
DA:7,1
DA:12,1
LF:4
LH:4
BRF:0
BRH:0
end_of_record
TN:
SF:src\modules\companies\dto\update-company.dto.ts
FNF:0
FNH:0
DA:1,1
DA:2,1
DA:4,1
LF:3
LH:3
BRF:0
BRH:0
end_of_record
TN:
SF:src\modules\companies\entities\company.entity.ts
FNF:0
FNH:0
DA:1,6
DA:10,6
DA:12,6
DA:15,6
DA:18,6
DA:21,6
DA:24,6
DA:27,6
LF:8
LH:8
BRDA:24,0,0,6
BRDA:24,0,1,0
BRDA:24,1,0,6
BRDA:24,1,1,6
BRDA:27,2,0,6
BRDA:27,2,1,0
BRDA:27,3,0,6
BRDA:27,3,1,6
BRF:8
BRH:6
end_of_record
TN:
SF:src\modules\users\users.controller.ts
FN:21,(anonymous_4)
FN:24,(anonymous_5)
FN:29,(anonymous_6)
FN:34,(anonymous_7)
FN:39,(anonymous_8)
FN:44,(anonymous_9)
FNF:6
FNH:6
FNDA:5,(anonymous_4)
FNDA:1,(anonymous_5)
FNDA:1,(anonymous_6)
FNDA:1,(anonymous_7)
FNDA:1,(anonymous_8)
FNDA:1,(anonymous_9)
DA:1,1
DA:13,1
DA:14,1
DA:15,1
DA:16,1
DA:20,1
DA:21,5
DA:24,1
DA:25,1
DA:29,1
DA:30,1
DA:34,1
DA:35,1
DA:39,1
DA:40,1
DA:44,1
DA:45,1
DA:46,1
LF:18
LH:18
BRDA:24,0,0,1
BRDA:24,0,1,0
BRDA:24,1,0,1
BRDA:24,1,1,1
BRDA:39,2,0,1
BRDA:39,2,1,0
BRDA:39,3,0,1
BRDA:39,3,1,1
BRDA:21,4,0,1
BRDA:21,4,1,0
BRDA:21,5,0,1
BRDA:21,5,1,1
BRF:12
BRH:9
end_of_record
TN:
SF:src\modules\users\users.module.ts
FNF:0
FNH:0
DA:1,0
DA:2,0
DA:3,0
DA:4,0
DA:5,0
DA:13,0
LF:6
LH:0
BRF:0
BRH:0
end_of_record
TN:
SF:src\modules\users\users.service.ts
FN:15,(anonymous_13)
FN:20,(anonymous_14)
FN:34,(anonymous_15)
FN:38,(anonymous_16)
FN:45,(anonymous_17)
FN:54,(anonymous_18)
FN:68,(anonymous_19)
FNF:7
FNH:7
FNDA:12,(anonymous_13)
FNDA:2,(anonymous_14)
FNDA:1,(anonymous_15)
FNDA:2,(anonymous_16)
FNDA:2,(anonymous_17)
FNDA:3,(anonymous_18)
FNDA:2,(anonymous_19)
DA:1,4
DA:6,4
DA:7,4
DA:8,4
DA:9,4
DA:14,4
DA:17,12
DA:21,2
DA:22,2
DA:23,1
DA:26,1
DA:27,1
DA:31,1
DA:35,1
DA:39,2
DA:46,2
DA:55,3
DA:56,3
DA:57,1
DA:60,2
DA:61,1
DA:64,2
DA:65,2
DA:69,2
DA:70,2
DA:71,1
DA:73,1
DA:74,1
LF:28
LH:28
BRDA:22,0,0,1
BRDA:22,0,1,1
BRDA:56,1,0,1
BRDA:56,1,1,2
BRDA:60,2,0,1
BRDA:60,2,1,1
BRDA:70,3,0,1
BRDA:70,3,1,1
BRDA:17,4,0,4
BRDA:17,4,1,0
BRDA:17,5,0,4
BRDA:17,5,1,4
BRF:12
BRH:11
end_of_record
TN:
SF:src\modules\users\dto\create-user.dto.ts
FNF:0
FNH:0
DA:1,1
DA:2,1
DA:4,1
DA:7,1
DA:11,1
DA:15,1
DA:19,1
DA:23,1
LF:8
LH:8
BRDA:23,0,0,0
BRDA:23,0,1,1
BRDA:23,1,0,1
BRDA:23,1,1,1
BRF:4
BRH:3
end_of_record
TN:
SF:src\modules\users\dto\update-user.dto.ts
FNF:0
FNH:0
DA:1,1
DA:2,1
DA:4,1
LF:3
LH:3
BRF:0
BRH:0
end_of_record
TN:
SF:src\modules\users\entities\user.entity.ts
FN:24,(anonymous_2)
FNF:1
FNH:0
FNDA:0,(anonymous_2)
DA:1,4
DA:10,4
DA:11,4
DA:14,4
DA:16,4
DA:19,4
DA:22,4
DA:24,0
DA:26,4
DA:29,4
DA:32,4
DA:39,4
DA:42,4
DA:45,4
DA:48,4
LF:15
LH:14
BRDA:26,0,0,4
BRDA:26,0,1,0
BRDA:26,1,0,4
BRDA:26,1,1,4
BRDA:39,2,0,0
BRDA:39,2,1,4
BRDA:39,3,0,4
BRDA:39,3,1,4
BRDA:45,4,0,4
BRDA:45,4,1,0
BRDA:45,5,0,4
BRDA:45,5,1,4
BRDA:48,6,0,4
BRDA:48,6,1,0
BRDA:48,7,0,4
BRDA:48,7,1,4
BRF:16
BRH:12
end_of_record
TN:
SF:src\shared\enums\role.enum.ts
FN:1,(anonymous_0)
FNF:1
FNH:1
FNDA:5,(anonymous_0)
DA:1,5
DA:2,5
DA:3,5
DA:4,5
LF:4
LH:4
BRDA:1,0,0,5
BRDA:1,0,1,5
BRF:2
BRH:2
end_of_record
